"../../../../../Garmauco/GitHub/Escape-of-wolf/Content/PolyArtWolf/Meshes/Wolf_Skeleton.uasset" 0
"../../../../../Garmauco/GitHub/Escape-of-wolf/Content/animacion/Idle_run_wolf.uasset" 1
"../../../../../Garmauco/GitHub/Escape-of-wolf/Content/Geometry/Meshes/CubeMaterial.uasset" 2
"../../../../../Garmauco/GitHub/Escape-of-wolf/Content/Geometry/Meshes/1M_Cube.uasset" 3
"../../../../../Garmauco/GitHub/Escape-of-wolf/Content/Geometry/Meshes/1M_Cube_Chamfer.uasset" 4
"../../../../../Garmauco/GitHub/Escape-of-wolf/Content/Geometry/Meshes/TemplateFloor.uasset" 5
"../../../../../Garmauco/GitHub/Escape-of-wolf/Content/Mannequin/Character/Mesh/UE4_Mannequin_Skeleton.uasset" 6
"../../../../../Garmauco/GitHub/Escape-of-wolf/Content/Mannequin/Animations/ThirdPersonJump_End.uasset" 7
"../../../../../Garmauco/GitHub/Escape-of-wolf/Content/Mannequin/Animations/ThirdPerson_Jump.uasset" 8
"../../../../../Garmauco/GitHub/Escape-of-wolf/Content/Mannequin/Animations/ThirdPersonJump_Loop.uasset" 9
"../../../../../Garmauco/GitHub/Escape-of-wolf/Content/Mannequin/Animations/ThirdPersonJump_Start.uasset" 10
"../../../../../Garmauco/GitHub/Escape-of-wolf/Content/Mannequin/Animations/ThirdPersonIdle.uasset" 11
"../../../../../Garmauco/GitHub/Escape-of-wolf/Content/Mannequin/Animations/ThirdPersonRun.uasset" 12
"../../../../../Garmauco/GitHub/Escape-of-wolf/Content/Mannequin/Animations/ThirdPersonWalk.uasset" 13
"../../../../../Garmauco/GitHub/Escape-of-wolf/Content/Mannequin/Animations/ThirdPerson_IdleRun_2D.uasset" 14
"../../../Engine/Content/EditorBlueprintResources/StandardMacros.uasset" 15
"../../../../../Garmauco/GitHub/Escape-of-wolf/Content/Mannequin/Animations/ThirdPerson_AnimBP.uasset" 16
"../../../Engine/Content/Functions/Engine_MaterialFunctions02/Utility/BlendAngleCorrectedNormals.uasset" 17
"../../../Engine/Content/Functions/MaterialLayerFunctions/MatLayerBlend_NormalBlend.uasset" 18
"../../../Engine/Content/Functions/MaterialLayerFunctions/MatLayerBlend_Simple.uasset" 19
"../../../../../Garmauco/GitHub/Escape-of-wolf/Content/Mannequin/Character/Materials/MaterialLayers/T_ML_Rubber_Blue_01_D.uasset" 20
"../../../../../Garmauco/GitHub/Escape-of-wolf/Content/Mannequin/Character/Materials/MaterialLayers/T_ML_Rubber_Blue_01_N.uasset" 21
"../../../../../Garmauco/GitHub/Escape-of-wolf/Content/Mannequin/Character/Materials/MaterialLayers/ML_GlossyBlack_Latex_UE4.uasset" 22
"../../../../../Garmauco/GitHub/Escape-of-wolf/Content/Mannequin/Character/Materials/MaterialLayers/ML_Plastic_Shiny_Beige.uasset" 23
"../../../../../Garmauco/GitHub/Escape-of-wolf/Content/Mannequin/Character/Textures/UE4_LOGO_CARD.uasset" 24
"../../../../../Garmauco/GitHub/Escape-of-wolf/Content/Mannequin/Character/Materials/MaterialLayers/ML_Plastic_Shiny_Beige_LOGO.uasset" 25
"../../../../../Garmauco/GitHub/Escape-of-wolf/Content/Mannequin/Character/Materials/MaterialLayers/T_ML_Aluminum01.uasset" 26
"../../../../../Garmauco/GitHub/Escape-of-wolf/Content/Mannequin/Character/Materials/MaterialLayers/T_ML_Aluminum01_N.uasset" 27
"../../../../../Garmauco/GitHub/Escape-of-wolf/Content/Mannequin/Character/Materials/MaterialLayers/ML_SoftMetal_UE4.uasset" 28
"../../../../../Garmauco/GitHub/Escape-of-wolf/Content/Mannequin/Character/Textures/UE4_Mannequin__normals.uasset" 29
"../../../../../Garmauco/GitHub/Escape-of-wolf/Content/Mannequin/Character/Textures/UE4_Mannequin_MAT_MASKA.uasset" 30
"../../../../../Garmauco/GitHub/Escape-of-wolf/Content/Mannequin/Character/Materials/M_UE4Man_Body.uasset" 31
"../../../../../Garmauco/GitHub/Escape-of-wolf/Content/Mannequin/Character/Textures/UE4Man_Logo_N.uasset" 32
"../../../../../Garmauco/GitHub/Escape-of-wolf/Content/Mannequin/Character/Materials/M_UE4Man_ChestLogo.uasset" 33
"../../../../../Garmauco/GitHub/Escape-of-wolf/Content/Mannequin/Character/Mesh/SK_Mannequin_PhysicsAsset.uasset" 34
"../../../../../Garmauco/GitHub/Escape-of-wolf/Content/Mannequin/Character/Mesh/SK_Mannequin.uasset" 35
"../../../../../Garmauco/GitHub/Escape-of-wolf/Content/Materials/meat.uasset" 36
"../../../../../Garmauco/GitHub/Escape-of-wolf/Content/mesh/carne_Cube.uasset" 37
"../../../../../Garmauco/GitHub/Escape-of-wolf/Content/Materials/bone.uasset" 38
"../../../../../Garmauco/GitHub/Escape-of-wolf/Content/mesh/carne_Cube_001.uasset" 39
"../../../../../Garmauco/GitHub/Escape-of-wolf/Content/mesh/carne_Icosphere.uasset" 40
"../../../../../Garmauco/GitHub/Escape-of-wolf/Content/mesh/carne_Icosphere_001.uasset" 41
"../../../Engine/Content/Functions/Engine_MaterialFunctions01/Gradient/LinearGradient.uasset" 42
"../../../Engine/Content/Functions/Engine_MaterialFunctions01/ImageAdjustment/CheapContrast.uasset" 43
"../../../../../Garmauco/GitHub/Escape-of-wolf/Content/Platformer/Textures/Pl_Crate_d.uasset" 44
"../../../../../Garmauco/GitHub/Escape-of-wolf/Content/Platformer/Textures/Pl_Crate_n.uasset" 45
"../../../../../Garmauco/GitHub/Escape-of-wolf/Content/Platformer/Textures/Pl_Crate_r.uasset" 46
"../../../../../Garmauco/GitHub/Escape-of-wolf/Content/Platformer/Materials/M_Crate_Light_Parent.uasset" 47
"../../../../../Garmauco/GitHub/Escape-of-wolf/Content/Platformer/Materials/M_Crate_Dark_Inst.uasset" 48
"../../../../../Garmauco/GitHub/Escape-of-wolf/Content/Platformer/Textures/Pl_Cliff_d.uasset" 49
"../../../../../Garmauco/GitHub/Escape-of-wolf/Content/Platformer/Textures/Pl_Cliff_n.uasset" 50
"../../../../../Garmauco/GitHub/Escape-of-wolf/Content/Platformer/Textures/Pl_Cliff_r.uasset" 51
"../../../../../Garmauco/GitHub/Escape-of-wolf/Content/Platformer/Materials/M_Cliff.uasset" 52
"../../../../../Garmauco/GitHub/Escape-of-wolf/Content/Platformer/Meshes/PlatForm_Bots/Pl_16m_Platform_bot.uasset" 53
"../../../../../Garmauco/GitHub/Escape-of-wolf/Content/Platformer/Meshes/PlatForm_Bots/Pl_4m_Platform_bot.uasset" 54
"../../../../../Garmauco/GitHub/Escape-of-wolf/Content/Platformer/Meshes/PlatForm_Bots/Pl_8m_Platform_bot.uasset" 55
"../../../../../Garmauco/GitHub/Escape-of-wolf/Content/Platformer/Meshes/PlatForm_Bots/Pl_8m_Platform_crn_bot.uasset" 56
"../../../../../Garmauco/GitHub/Escape-of-wolf/Content/Platformer/Meshes/PlatForm_Bots/Pl_8m_Platform_Hrnd_bot.uasset" 57
"../../../../../Garmauco/GitHub/Escape-of-wolf/Content/Platformer/Meshes/PlatForm_Bots/Pl_8m_Platform_L_bot.uasset" 58
"../../../../../Garmauco/GitHub/Escape-of-wolf/Content/Platformer/Meshes/PlatForm_Bots/Pl_8m_Platform_rnd_bot.uasset" 59
"../../../../../Garmauco/GitHub/Escape-of-wolf/Content/Platformer/Ocean/Materials/OceanWater_SS.uasset" 60
"../../../../../Garmauco/GitHub/Escape-of-wolf/Content/Platformer/Textures/Pl_plastic_d.uasset" 61
"../../../../../Garmauco/GitHub/Escape-of-wolf/Content/PolyArtWolf/Animations/InPlace/Wolf_IP_Attack_Bite_Front.uasset" 62
"../../../../../Garmauco/GitHub/Escape-of-wolf/Content/PolyArtWolf/Animations/InPlace/Wolf_IP_Attack_Bite_Left.uasset" 63
"../../../../../Garmauco/GitHub/Escape-of-wolf/Content/PolyArtWolf/Animations/InPlace/Wolf_IP_Attack_Bite_Right.uasset" 64
"../../../../../Garmauco/GitHub/Escape-of-wolf/Content/PolyArtWolf/Animations/InPlace/Wolf_IP_Attack_Jump.uasset" 65
"../../../../../Garmauco/GitHub/Escape-of-wolf/Content/PolyArtWolf/Animations/InPlace/Wolf_IP_Crawl.uasset" 66
"../../../../../Garmauco/GitHub/Escape-of-wolf/Content/PolyArtWolf/Animations/InPlace/Wolf_IP_Damage_Back_Left.uasset" 67
"../../../../../Garmauco/GitHub/Escape-of-wolf/Content/PolyArtWolf/Animations/InPlace/Wolf_IP_Damage_Back_Right.uasset" 68
"../../../../../Garmauco/GitHub/Escape-of-wolf/Content/PolyArtWolf/Animations/InPlace/Wolf_IP_Damage_Left.uasset" 69
"../../../../../Garmauco/GitHub/Escape-of-wolf/Content/PolyArtWolf/Animations/InPlace/Wolf_IP_Damage_Right.uasset" 70
"../../../../../Garmauco/GitHub/Escape-of-wolf/Content/PolyArtWolf/Animations/InPlace/Wolf_IP_Fall_From_Edge.uasset" 71
"../../../../../Garmauco/GitHub/Escape-of-wolf/Content/PolyArtWolf/Animations/InPlace/Wolf_IP_Fall_Land.uasset" 72
"../../../../../Garmauco/GitHub/Escape-of-wolf/Content/PolyArtWolf/Animations/InPlace/Wolf_IP_Jump_Forward.uasset" 73
"../../../../../Garmauco/GitHub/Escape-of-wolf/Content/PolyArtWolf/Animations/InPlace/Wolf_IP_Jump_InPlace.uasset" 74
"../../../../../Garmauco/GitHub/Escape-of-wolf/Content/PolyArtWolf/Animations/InPlace/Wolf_IP_Jump_Run.uasset" 75
"../../../../../Garmauco/GitHub/Escape-of-wolf/Content/PolyArtWolf/Animations/InPlace/Wolf_IP_Run_Forward.uasset" 76
"../../../../../Garmauco/GitHub/Escape-of-wolf/Content/PolyArtWolf/Animations/InPlace/Wolf_IP_Run_Left.uasset" 77
"../../../../../Garmauco/GitHub/Escape-of-wolf/Content/PolyArtWolf/Animations/InPlace/Wolf_IP_Run_Right.uasset" 78
"../../../../../Garmauco/GitHub/Escape-of-wolf/Content/PolyArtWolf/Animations/InPlace/Wolf_IP_Swim_Back.uasset" 79
"../../../../../Garmauco/GitHub/Escape-of-wolf/Content/PolyArtWolf/Animations/InPlace/Wolf_IP_Swim_Back_Left.uasset" 80
"../../../../../Garmauco/GitHub/Escape-of-wolf/Content/PolyArtWolf/Animations/InPlace/Wolf_IP_Swim_Back_Right.uasset" 81
"../../../../../Garmauco/GitHub/Escape-of-wolf/Content/PolyArtWolf/Animations/InPlace/Wolf_IP_Swim_Enter.uasset" 82
"../../../../../Garmauco/GitHub/Escape-of-wolf/Content/PolyArtWolf/Animations/InPlace/Wolf_IP_Swim_Forward.uasset" 83
"../../../../../Garmauco/GitHub/Escape-of-wolf/Content/PolyArtWolf/Animations/InPlace/Wolf_IP_Swim_Forward_Left.uasset" 84
"../../../../../Garmauco/GitHub/Escape-of-wolf/Content/PolyArtWolf/Animations/InPlace/Wolf_IP_Swim_Forward_Right.uasset" 85
"../../../../../Garmauco/GitHub/Escape-of-wolf/Content/PolyArtWolf/Animations/InPlace/Wolf_IP_Swim_Turn_Left_90.uasset" 86
"../../../../../Garmauco/GitHub/Escape-of-wolf/Content/PolyArtWolf/Animations/InPlace/Wolf_IP_Swim_Turn_Right_90.uasset" 87
"../../../../../Garmauco/GitHub/Escape-of-wolf/Content/PolyArtWolf/Animations/InPlace/Wolf_IP_Trot_Left.uasset" 88
"../../../../../Garmauco/GitHub/Escape-of-wolf/Content/PolyArtWolf/Animations/InPlace/Wolf_IP_Trot_Right.uasset" 89
"../../../../../Garmauco/GitHub/Escape-of-wolf/Content/PolyArtWolf/Animations/InPlace/Wolf_IP_Turn_Left.uasset" 90
"../../../../../Garmauco/GitHub/Escape-of-wolf/Content/PolyArtWolf/Animations/InPlace/Wolf_IP_Turn_Left_180.uasset" 91
"../../../../../Garmauco/GitHub/Escape-of-wolf/Content/PolyArtWolf/Animations/InPlace/Wolf_IP_Turn_Right.uasset" 92
"../../../../../Garmauco/GitHub/Escape-of-wolf/Content/PolyArtWolf/Animations/InPlace/Wolf_IP_Turn_Right_180.uasset" 93
"../../../../../Garmauco/GitHub/Escape-of-wolf/Content/PolyArtWolf/Animations/InPlace/Wolf_IP_WalkBack.uasset" 94
"../../../../../Garmauco/GitHub/Escape-of-wolf/Content/PolyArtWolf/Animations/InPlace/Wolf_IP_WalkBack_Left.uasset" 95
"../../../../../Garmauco/GitHub/Escape-of-wolf/Content/PolyArtWolf/Animations/InPlace/Wolf_IP_WalkBack_Right.uasset" 96
"../../../../../Garmauco/GitHub/Escape-of-wolf/Content/PolyArtWolf/Animations/InPlace/Wolf_IP_Walk_Left.uasset" 97
"../../../../../Garmauco/GitHub/Escape-of-wolf/Content/PolyArtWolf/Animations/InPlace/Wolf_IP_Walk_Right.uasset" 98
"../../../Engine/Content/Functions/Engine_MaterialFunctions01/Opacity/CameraDepthFade.uasset" 99
"../../../Engine/Content/EngineMaterials/T_Default_Material_Grid_M.uasset" 100
"../../../Engine/Content/EngineMaterials/T_Default_Material_Grid_N.uasset" 101
"../../../Engine/Content/EngineMaterials/WorldGridMaterial.uasset" 102
"../../../Engine/Content/ArtTools/RenderToTexture/Meshes/S_1_Unit_Plane.uasset" 103
"../../../Engine/Content/EngineMaterials/DefaultMaterial.uasset" 104
"../../../Engine/Content/BasicShapes/Cone.uasset" 105
"../../../Engine/Content/BasicShapes/Cylinder.uasset" 106
"../../../Engine/Content/BasicShapes/Plane.uasset" 107
"../../../Engine/Content/BasicShapes/Sphere.uasset" 108
"../../../Engine/Content/EditorLandscapeResources/DataLayer.uasset" 109
"../../../Engine/Content/EditorMaterials/GizmoMaterial.uasset" 110
"../../../Engine/Content/EditorMaterials/MAT_Groups_Toggle.uasset" 111
"../../../Engine/Content/EditorMaterials/MAT_Groups_Visibility.uasset" 112
"../../../Engine/Content/EditorMaterials/PreviewShadowIndicator.uasset" 113
"../../../Engine/Content/EditorMaterials/PreviewShadowIndicatorMaterial.uasset" 114
"../../../Engine/Content/EditorMaterials/MatineeGroups/MAT_ColorTrack.uasset" 115
"../../../Engine/Content/EditorMaterials/MatineeGroups/MAT_Groups_Anim.uasset" 116
"../../../Engine/Content/EditorMaterials/MatineeGroups/MAT_Groups_AudioMaster.uasset" 117
"../../../Engine/Content/EditorMaterials/MatineeGroups/MAT_Groups_Director.uasset" 118
"../../../Engine/Content/EditorMaterials/MatineeGroups/MAT_Groups_Event.uasset" 119
"../../../Engine/Content/EditorMaterials/MatineeGroups/MAT_Groups_Fade.uasset" 120
"../../../Engine/Content/EditorMaterials/MatineeGroups/MAT_Groups_Float.uasset" 121
"../../../Engine/Content/EditorMaterials/MatineeGroups/MAT_Groups_Move.uasset" 122
"../../../Engine/Content/EditorMaterials/MatineeGroups/MAT_Groups_Slomo.uasset" 123
"../../../Engine/Content/EditorMaterials/MatineeGroups/MAT_Groups_Sound.uasset" 124
"../../../Engine/Content/EditorMaterials/MatineeGroups/MAT_Groups_Vector.uasset" 125
"../../../Engine/Content/EditorMaterials/ParticleSystems/PSysThumbnail_NoImage.uasset" 126
"../../../Engine/Content/EditorMaterials/ParticleSystems/PSysThumbnail_OOD.uasset" 127
"../../../Engine/Content/EditorMaterials/Camera/CineMat.uasset" 128
"../../../Engine/Content/EditorMaterials/Camera/MI_CineMat_Rig.uasset" 129
"../../../Engine/Content/EditorMeshes/Camera/SM_CraneRig_Arm.uasset" 130
"../../../Engine/Content/EditorMeshes/Camera/SM_CraneRig_Base.uasset" 131
"../../../Engine/Content/EditorMeshes/Camera/SM_CraneRig_Body.uasset" 132
"../../../Engine/Content/EditorMeshes/Camera/SM_CraneRig_Mount.uasset" 133
"../../../Engine/Content/EditorMeshes/Camera/SM_RailRig_Mount.uasset" 134
"../../../Engine/Content/EditorMeshes/Camera/SM_RailRig_Track.uasset" 135
"../../../Engine/Content/EditorResources/BSPVertex.uasset" 136
"../../../Engine/Content/EditorResources/EmptyActor.uasset" 137
"../../../Engine/Content/EditorResources/S_Actor.uasset" 138
"../../../Engine/Content/EditorResources/S_Trigger.uasset" 139
"../../../Engine/Content/EditorResources/LightIcons/S_LightError.uasset" 140
"../../../Engine/Content/EditorResources/SequenceRecorder/Countdown.uasset" 141
"../../../Engine/Content/EditorResources/SequenceRecorder/RecordingIndicator.uasset" 142
"../../../Engine/Content/EditorSounds/Notifications/CompileFailed.uasset" 143
"../../../Engine/Content/EditorSounds/Notifications/CompileFailed_Cue.uasset" 144
"../../../Engine/Content/EditorSounds/Notifications/CompileSuccess.uasset" 145
"../../../Engine/Content/EditorSounds/Notifications/CompileStart_Cue.uasset" 146
"../../../Engine/Content/EditorSounds/Notifications/CompileSuccess_Cue.uasset" 147
"../../../Engine/Content/EngineDamageTypes/DmgTypeBP_Environmental.uasset" 148
"../../../Engine/Content/EngineDebugMaterials/HeatmapGradient.uasset" 149
"../../../Engine/Content/EngineDebugMaterials/BoneWeightMaterial.uasset" 150
"../../../Engine/Content/EngineDebugMaterials/ClothMaterial.uasset" 151
"../../../Engine/Content/EngineDebugMaterials/ClothMaterial_WF.uasset" 152
"../../../Engine/Content/EngineDebugMaterials/DebugEditorMaterial.uasset" 153
"../../../Engine/Content/EngineDebugMaterials/DebugMeshMaterial.uasset" 154
"../../../Engine/Content/EngineDebugMaterials/GeomMaterial.uasset" 155
"../../../Engine/Content/EngineDebugMaterials/M_SimpleTranslucent.uasset" 156
"../../../Engine/Content/EngineFonts/Faces/RobotoBold.uasset" 157
"../../../Engine/Content/EngineFonts/Faces/RobotoBoldItalic.uasset" 158
"../../../Engine/Content/EngineFonts/Faces/RobotoItalic.uasset" 159
"../../../Engine/Content/EngineFonts/Faces/RobotoLight.uasset" 160
"../../../Engine/Content/EngineFonts/Faces/RobotoRegular.uasset" 161
"../../../Engine/Content/EngineFonts/Roboto.uasset" 162
"../../../Engine/Content/EngineFonts/Faces/RobotoTiny.uasset" 163
"../../../Engine/Content/EngineFonts/RobotoTiny.uasset" 164
"../../../Engine/Content/EngineMaterials/BaseFlattenDiffuseMap.uasset" 165
"../../../Engine/Content/EngineMaterials/BaseFlattenEmissiveMap.uasset" 166
"../../../Engine/Content/EngineMaterials/BaseFlattenGrayscaleMap.uasset" 167
"../../../Engine/Content/EngineMaterials/BaseFlattenNormalMap.uasset" 168
"../../../Engine/Content/EngineMaterials/BaseFlattenMaterial.uasset" 169
"../../../Engine/Content/EngineMaterials/DefaultBloomKernel.uasset" 170
"../../../Engine/Content/EngineMaterials/DefaultBokeh.uasset" 171
"../../../Engine/Content/EngineMaterials/DefaultDiffuse.uasset" 172
"../../../Engine/Content/EngineMaterials/DefaultDeferredDecalMaterial.uasset" 173
"../../../Engine/Content/EngineMaterials/DefaultLightFunctionMaterial.uasset" 174
"../../../Engine/Content/Functions/Engine_MaterialFunctions02/Utility/BreakOutFloat2Components.uasset" 175
"../../../Engine/Content/EngineMaterials/DefaultPostProcessMaterial.uasset" 176
"../../../Engine/Content/EngineFonts/RobotoDistanceField.uasset" 177
"../../../Engine/Content/EngineMaterials/DefaultTextMaterialOpaque.uasset" 178
"../../../Engine/Content/EngineMaterials/DefaultWhiteGrid.uasset" 179
"../../../Engine/Content/EngineMaterials/EditorBrushMaterial.uasset" 180
"../../../Engine/Content/EngineMaterials/Good64x64TilingNoiseHighFreq.uasset" 181
"../../../Engine/Content/EngineMaterials/MiniFont.uasset" 182
"../../../Engine/Content/EngineMaterials/InvalidLightmapSettings.uasset" 183
"../../../Engine/Content/EngineMaterials/M_InvalidLightmapSettings.uasset" 184
"../../../Engine/Content/Functions/Engine_MaterialFunctions02/WorldPositionOffset/CameraOffset.uasset" 185
"../../../Engine/Content/EngineMaterials/PhAT_JointLimitMaterial.uasset" 186
"../../../Engine/Content/EngineMaterials/PreintegratedSkinBRDF.uasset" 187
"../../../Engine/Content/EngineMaterials/RemoveSurfaceMaterial.uasset" 188
"../../../Engine/Content/EngineMaterials/WeightMapPlaceholderTexture.uasset" 189
"../../../Engine/Content/EngineResources/WhiteSquareTexture.uasset" 190
"../../../Engine/Content/EngineMaterials/Widget3DPassThrough.uasset" 191
"../../../Engine/Content/EngineMaterials/Widget3DPassThrough_Masked.uasset" 192
"../../../Engine/Content/EngineMaterials/Widget3DPassThrough_Opaque.uasset" 193
"../../../Engine/Content/EngineMaterials/Widget3DPassThrough_Masked_OneSided.uasset" 194
"../../../Engine/Content/EngineMaterials/Widget3DPassThrough_Opaque_OneSided.uasset" 195
"../../../Engine/Content/EngineMaterials/Widget3DPassThrough_Translucent.uasset" 196
"../../../Engine/Content/EngineMaterials/Widget3DPassThrough_Translucent_OneSided.uasset" 197
"../../../Engine/Content/EngineMeshes/Cylinder.uasset" 198
"../../../Engine/Content/EngineMeshes/Sphere.uasset" 199
"../../../Engine/Content/EngineResources/Black.uasset" 200
"../../../Engine/Content/EngineResources/DefaultTexture.uasset" 201
"../../../Engine/Content/EngineResources/DefaultTextureCube.uasset" 202
"../../../Engine/Content/EngineResources/DefaultVolumeTexture2D.uasset" 203
"../../../Engine/Content/EngineResources/DefaultVolumeTexture.uasset" 204
"../../../Engine/Content/EngineResources/GradientTexture0.uasset" 205
"../../../Engine/Content/EngineSounds/Master.uasset" 206
"../../../Engine/Content/Functions/Engine_MaterialFunctions01/Shading/ConvertFromDiffSpec.uasset" 207
"../../../Engine/Content/Functions/Engine_MaterialFunctions01/Shading/PowerToRoughness.uasset" 208
"../../../Engine/Content/Maps/Templates/Thumbnails/Default.uasset" 209
"../../../Engine/Content/Maps/Templates/Thumbnails/VR-Basic.uasset" 210
"../../../Engine/Content/MobileResources/T_MobileControls_texture.uasset" 211
"../../../Engine/Content/MobileResources/T_MobileMenu2.uasset" 212
"../../../Engine/Content/MobileResources/HUD/AnalogHat.uasset" 213
"../../../Engine/Content/MobileResources/HUD/VirtualJoystick_Background.uasset" 214
"../../../Engine/Content/MobileResources/HUD/VirtualJoystick_Thumb.uasset" 215
"../../../Engine/Content/MobileResources/HUD/DefaultVirtualJoysticks.uasset" 216
"../../../Engine/Content/MobileResources/HUD/LeftVirtualJoystickOnly.uasset" 217
"../../../Engine/Content/MobileResources/HUD/MobileHUDButton1_off.uasset" 218
"../../../Engine/Content/MobileResources/HUD/MobileHUDButton1_on.uasset" 219
"../../../Engine/Content/MobileResources/HUD/MobileHUDButton2_off.uasset" 220
"../../../Engine/Content/MobileResources/HUD/MobileHUDButton2_on.uasset" 221
"../../../Engine/Content/MobileResources/HUD/MobileHUDButton3.uasset" 222
"../../../Engine/Content/MobileResources/HUD/MobileHUDButtonFire.uasset" 223
"../../../Engine/Content/MobileResources/HUD/MobileHUDDirectionPad.uasset" 224
"../../../Engine/Content/MobileResources/HUD/MobileHUDDirectionPad2.uasset" 225
"../../../Engine/Content/MobileResources/HUD/MobileHUDDirectionPad3.uasset" 226
"../../../Engine/Content/MobileResources/HUD/MobileHUDDirectionStick.uasset" 227
"../../../Engine/Content/MobileResources/HUD/T_Castle_ThumbstickInner.uasset" 228
"../../../Engine/Content/MobileResources/HUD/T_Castle_ThumbstickOutter.uasset" 229
"../../../Engine/Content/Tutorial/ContentIntroCurve.uasset" 230
"../../../Engine/Content/VREditor/LaserPointer/VR_LaserPower_01.uasset" 231
"../../../Engine/Content/VREditor/TransformGizmo/TransformGizmoMaterial.uasset" 232
"../../../Engine/Content/VREditor/TransformGizmo/TranslucentTransformGizmoMaterial.uasset" 233
"../../../Engine/Content/VREditor/TransformGizmo/BoundingBoxCorner.uasset" 234
"../../../Engine/Content/VREditor/TransformGizmo/BoundingBoxEdge.uasset" 235
"../../../Engine/Content/VREditor/TransformGizmo/PlaneTranslationHandle.uasset" 236
"../../../Engine/Content/VREditor/TransformGizmo/Main.uasset" 237
"../../../Engine/Content/VREditor/TransformGizmo/Xray.uasset" 238
"../../../Engine/Content/VREditor/TransformGizmo/SM_Sequencer_Key.uasset" 239
"../../../Engine/Content/VREditor/TransformGizmo/SM_Sequencer_Node.uasset" 240
"../../Plugins/2D/Paper2D/Content/PlaceholderTextures/DummySpriteTexture.uasset" 241
"../../Plugins/2D/Paper2D/Content/DummySprite.uasset" 242
"../../Plugins/2D/Paper2D/Content/DefaultPaperTerrainMaterial.uasset" 243
"../../Plugins/2D/Paper2D/Content/DefaultSpriteMaterial.uasset" 244
"../../Plugins/2D/Paper2D/Content/MaskedUnlitSpriteMaterial.uasset" 245
"../../Plugins/2D/Paper2D/Content/OpaqueUnlitSpriteMaterial.uasset" 246
"../../Plugins/Runtime/Oculus/OculusVR/Content/Materials/PokeAHoleMaterial.uasset" 247
"../../Plugins/Runtime/Oculus/OculusVR/Content/Textures/GearVRController_AO.uasset" 248
"../../Plugins/Runtime/Oculus/OculusVR/Content/Textures/GearVRController_Color.uasset" 249
"../../Plugins/Runtime/Oculus/OculusVR/Content/Textures/GearVRController_Normal.uasset" 250
"../../Plugins/Runtime/Oculus/OculusVR/Content/Materials/GearVRControllerMaterial.uasset" 251
"../../Plugins/Runtime/Oculus/OculusVR/Content/Meshes/GearVrController.uasset" 252
"../../Plugins/Runtime/Oculus/OculusVR/Content/Textures/touchController_albedo.uasset" 253
"../../Plugins/Runtime/Oculus/OculusVR/Content/Textures/touchController_controlmap.uasset" 254
"../../Plugins/Runtime/Oculus/OculusVR/Content/Materials/touchController_mat.uasset" 255
"../../Plugins/Runtime/Oculus/OculusVR/Content/Meshes/LeftTouchController.uasset" 256
"../../Plugins/Runtime/Oculus/OculusVR/Content/Meshes/RiftHMD.uasset" 257
"../../Plugins/Runtime/Oculus/OculusVR/Content/Meshes/RightTouchController.uasset" 258
"../../../../../Garmauco/GitHub/Escape-of-wolf/Content/extras/istock-182485950_1-482x320.uasset" 259
"../../../../../Garmauco/GitHub/Escape-of-wolf/Content/ui/W_Menu_principal.uasset" 260
"../../../../../Garmauco/GitHub/Escape-of-wolf/Content/Maps/Menu_principal.umap" 261
"../../../../../Garmauco/GitHub/Escape-of-wolf/Content/PolyArtWolf/Animations/Common/Wolf_C_Idle01.uasset" 262
"../../../../../Garmauco/GitHub/Escape-of-wolf/Content/PolyArtWolf/Animations/InPlace/Wolf_IP_Trot_Forward.uasset" 263
"../../../../../Garmauco/GitHub/Escape-of-wolf/Content/PolyArtWolf/Animations/InPlace/Wolf_IP_Walk_Forward.uasset" 264
"../../../../../Garmauco/GitHub/Escape-of-wolf/Content/PolyArtWolf/Animations/RootMotion/Wolf_RM_Run_Forward.uasset" 265
"../../../../../Garmauco/GitHub/Escape-of-wolf/Content/animacion/wolf_idle.uasset" 266
"../../../../../Garmauco/GitHub/Escape-of-wolf/Content/animacion/wolf_enemy_bp.uasset" 267
"../../../../../Garmauco/GitHub/Escape-of-wolf/Content/PolyArtWolf/Animations/RootMotion/Wolf_RM_Attack_Bite_Front.uasset" 268
"../../../../../Garmauco/GitHub/Escape-of-wolf/Content/animacion/Wolf_RM_Attack_Bite_Front_Montage.uasset" 269
"../../../../../Garmauco/GitHub/Escape-of-wolf/Content/PolyArtWolf/Animations/RootMotion/Wolf_RM_Run_Left.uasset" 270
"../../../../../Garmauco/GitHub/Escape-of-wolf/Content/PolyArtWolf/Animations/RootMotion/Wolf_RM_Run_Right.uasset" 271
"../../../../../Garmauco/GitHub/Escape-of-wolf/Content/PolyArtWolf/Animations/RootMotion/Wolf_RM_Trot_Forward.uasset" 272
"../../../../../Garmauco/GitHub/Escape-of-wolf/Content/PolyArtWolf/Animations/RootMotion/Wolf_RM_Walk_Forward.uasset" 273
"../../../../../Garmauco/GitHub/Escape-of-wolf/Content/animacion/wolf_run.uasset" 274
"../../../../../Garmauco/GitHub/Escape-of-wolf/Content/animacion/wolf_bp.uasset" 275
"../../../Engine/Content/Functions/Engine_MaterialFunctions01/Density/ExponentialDensity.uasset" 276
"../../../Engine/Content/Functions/Engine_MaterialFunctions01/Gradient/RadialGradientExponential.uasset" 277
"../../../../../Garmauco/GitHub/Escape-of-wolf/Content/TopDownBP/Blueprints/M_Cursor_Decal.uasset" 278
"../../../../../Garmauco/GitHub/Escape-of-wolf/Content/PolyArtWolf/Textures/T_WhiteTexture.uasset" 279
"../../../../../Garmauco/GitHub/Escape-of-wolf/Content/PolyArtWolf/Materials/Mat_Ground.uasset" 280
"../../../../../Garmauco/GitHub/Escape-of-wolf/Content/PolyArtWolf/Textures/T_Wolf_Grey.uasset" 281
"../../../../../Garmauco/GitHub/Escape-of-wolf/Content/PolyArtWolf/Materials/MI_WolfGrey.uasset" 282
"../../../../../Garmauco/GitHub/Escape-of-wolf/Content/mesh/meat.uasset" 283
"../../../../../Garmauco/GitHub/Escape-of-wolf/Content/PolyArtWolf/Textures/T_Wolf_Black.uasset" 284
"../../../../../Garmauco/GitHub/Escape-of-wolf/Content/PolyArtWolf/Materials/MI_WolfBlack.uasset" 285
"../../../../../Garmauco/GitHub/Escape-of-wolf/Content/PolyArtWolf/Meshes/Wolf_Physics_Asset.uasset" 286
"../../../../../Garmauco/GitHub/Escape-of-wolf/Content/PolyArtWolf/Meshes/SK_Wolf.uasset" 287
"../../../../../Garmauco/GitHub/Escape-of-wolf/Content/TopDownBP/Blueprints/Thief.uasset" 288
"../../../../../Garmauco/GitHub/Escape-of-wolf/Content/PolyArtWolf/Materials/Mat_Magic.uasset" 289
"../../../../../Garmauco/GitHub/Escape-of-wolf/Content/PolyArtWolf/Materials/MI_Magic_Red.uasset" 290
"../../../../../Garmauco/GitHub/Escape-of-wolf/Content/PolyArtWolf/Meshes/SK_WolfMagic.uasset" 291
"../../../../../Garmauco/GitHub/Escape-of-wolf/Content/BluePrints/BP_Wolf_Enemy.uasset" 292
"../../../Engine/Content/EngineSky/C_Sky_Cloud_Color.uasset" 293
"../../../Engine/Content/EngineSky/C_Sky_Horizon_Color.uasset" 294
"../../../Engine/Content/EngineSky/C_Sky_Zenith_Color.uasset" 295
"../../../Engine/Content/EngineSky/T_Sky_Blue.uasset" 296
"../../../Engine/Content/EngineSky/T_Sky_Clouds_M.uasset" 297
"../../../Engine/Content/EngineSky/T_Sky_Stars.uasset" 298
"../../../Engine/Content/EngineSky/M_Sky_Panning_Clouds2.uasset" 299
"../../../Engine/Content/EngineSky/SM_SkySphere.uasset" 300
"../../../Engine/Content/EngineSky/BP_Sky_Sphere.uasset" 301
"../../../../../Garmauco/GitHub/Escape-of-wolf/Content/Platformer/Textures/Pl_plastic_n.uasset" 302
"../../../../../Garmauco/GitHub/Escape-of-wolf/Content/Platformer/Textures/Pl_plastic_r.uasset" 303
"../../../../../Garmauco/GitHub/Escape-of-wolf/Content/Platformer/Materials/M_Metal_Black_Parent.uasset" 304
"../../../../../Garmauco/GitHub/Escape-of-wolf/Content/Platformer/Materials/M_Metal_Red_Instance.uasset" 305
"../../../../../Garmauco/GitHub/Escape-of-wolf/Content/Platformer/Meshes/Pl_Coin_02.uasset" 306
"../../../../../Garmauco/GitHub/Escape-of-wolf/Content/BluePrints/BP_Iteam_score.uasset" 307
"../../../Engine/Content/Functions/Engine_MaterialFunctions01/WorldPositionOffset/SimpleGrassWind.uasset" 308
"../../../../../Garmauco/GitHub/Escape-of-wolf/Content/Platformer/Textures/pl_tree_d.uasset" 309
"../../../../../Garmauco/GitHub/Escape-of-wolf/Content/Platformer/Textures/pl_tree_n.uasset" 310
"../../../../../Garmauco/GitHub/Escape-of-wolf/Content/Platformer/Textures/pl_tree_r.uasset" 311
"../../../../../Garmauco/GitHub/Escape-of-wolf/Content/Platformer/Materials/M_Tree.uasset" 312
"../../../../../Garmauco/GitHub/Escape-of-wolf/Content/Platformer/Textures/pl_wood_d.uasset" 313
"../../../../../Garmauco/GitHub/Escape-of-wolf/Content/Platformer/Textures/pl_wood_n.uasset" 314
"../../../../../Garmauco/GitHub/Escape-of-wolf/Content/Platformer/Textures/pl_wood_r.uasset" 315
"../../../../../Garmauco/GitHub/Escape-of-wolf/Content/Platformer/Materials/M_Wood_Dark_Parent.uasset" 316
"../../../../../Garmauco/GitHub/Escape-of-wolf/Content/Platformer/Meshes/Pl_Tree_01.uasset" 317
"../../../../../Garmauco/GitHub/Escape-of-wolf/Content/BluePrints/tree.uasset" 318
"../../../../../Garmauco/GitHub/Escape-of-wolf/Content/TopDownBP/Blueprints/TopDownController.uasset" 319
"../../../../../Garmauco/GitHub/Escape-of-wolf/Content/TopDownBP/Blueprints/TopDownGameMode.uasset" 320
"../../../../../Garmauco/GitHub/Escape-of-wolf/Content/maps/World_1_BuiltData.uasset" 321
"../../../Engine/Content/BasicShapes/BasicShapeMaterial.uasset" 322
"../../../../../Garmauco/GitHub/Escape-of-wolf/Content/Platformer/Textures/Pl_Grass_d.uasset" 323
"../../../../../Garmauco/GitHub/Escape-of-wolf/Content/Platformer/Textures/Pl_Grass_n.uasset" 324
"../../../../../Garmauco/GitHub/Escape-of-wolf/Content/Platformer/Textures/Pl_Grass_r.uasset" 325
"../../../../../Garmauco/GitHub/Escape-of-wolf/Content/Platformer/Materials/M_Grass_nopattern.uasset" 326
"../../../Engine/Content/BasicShapes/Cube.uasset" 327
"../../../Engine/Content/EngineMaterials/DefaultPhysicalMaterial.uasset" 328
"../../../../../Garmauco/GitHub/Escape-of-wolf/Content/ui/w_interfaz_juego.uasset" 329
"../../../../../Garmauco/GitHub/Escape-of-wolf/Content/ui/w_menu_pausa.uasset" 330
"../../../../../Garmauco/GitHub/Escape-of-wolf/Content/Maps/world_1.umap" 331
"../../../../../Garmauco/GitHub/Escape-of-wolf/Content/Platformer/Materials/M_Metal_Gold_Instance.uasset" 332
"../../../../../Garmauco/GitHub/Escape-of-wolf/Content/Platformer/Meshes/Pl_Coin_01.uasset" 333
"../../../../../Garmauco/GitHub/Escape-of-wolf/Content/Platformer/Blueprints/Pl_Coin_01.uasset" 334
"../../../../../Garmauco/GitHub/Escape-of-wolf/Content/Platformer/Blueprints/Pl_Coin_02.uasset" 335
"../../../../../Garmauco/GitHub/Escape-of-wolf/Content/Platformer/Meshes/Pl_PowerUp_01.uasset" 336
"../../../../../Garmauco/GitHub/Escape-of-wolf/Content/Platformer/Blueprints/Pl_PowerUp_01.uasset" 337
"../../../../../Garmauco/GitHub/Escape-of-wolf/Content/Platformer/Materials/M_Plastic_black_Parent.uasset" 338
"../../../../../Garmauco/GitHub/Escape-of-wolf/Content/Platformer/Materials/M_Plastic_Red_Inst.uasset" 339
"../../../../../Garmauco/GitHub/Escape-of-wolf/Content/Platformer/Materials/M_Plastic_White_Inst.uasset" 340
"../../../../../Garmauco/GitHub/Escape-of-wolf/Content/Platformer/Materials/M_Plastic_Yellow_Inst.uasset" 341
"../../../../../Garmauco/GitHub/Escape-of-wolf/Content/Platformer/Meshes/Pl_PowerUp_02.uasset" 342
"../../../../../Garmauco/GitHub/Escape-of-wolf/Content/Platformer/Blueprints/Pl_PowerUp_02.uasset" 343
"../../../../../Garmauco/GitHub/Escape-of-wolf/Content/Platformer/Meshes/Pl_PowerUp_03.uasset" 344
"../../../../../Garmauco/GitHub/Escape-of-wolf/Content/Platformer/Blueprints/Pl_PowerUp_03.uasset" 345
"../../../../../Garmauco/GitHub/Escape-of-wolf/Content/Platformer/Meshes/Pl_PowerUp_04.uasset" 346
"../../../../../Garmauco/GitHub/Escape-of-wolf/Content/Platformer/Blueprints/Pl_PowerUp_04.uasset" 347
"../../../../../Garmauco/GitHub/Escape-of-wolf/Content/Platformer/Meshes/Pl_PowerUp_05.uasset" 348
"../../../../../Garmauco/GitHub/Escape-of-wolf/Content/Platformer/Blueprints/Pl_PowerUp_05.uasset" 349
"../../../../../Garmauco/GitHub/Escape-of-wolf/Content/Platformer/Meshes/Pl_PowerUp_06.uasset" 350
"../../../../../Garmauco/GitHub/Escape-of-wolf/Content/Platformer/Blueprints/Pl_PowerUp_06.uasset" 351
"../../../../../Garmauco/GitHub/Escape-of-wolf/Content/Platformer/Textures/Pl_Patterns_m.uasset" 352
"../../../../../Garmauco/GitHub/Escape-of-wolf/Content/Platformer/Materials/M_Grass.uasset" 353
"../../../../../Garmauco/GitHub/Escape-of-wolf/Content/Platformer/Materials/M_Plastic_Blue_Pattern_Parent.uasset" 354
"../../../../../Garmauco/GitHub/Escape-of-wolf/Content/Platformer/Materials/M_Plastic_blue_Inst.uasset" 355
"../../../../../Garmauco/GitHub/Escape-of-wolf/Content/Platformer/Materials/M_Plastic_Green_Inst.uasset" 356
"../../../../../Garmauco/GitHub/Escape-of-wolf/Content/Platformer/Materials/M_Plastic_Green_Pattern_Inst.uasset" 357
"../../../../../Garmauco/GitHub/Escape-of-wolf/Content/Platformer/Materials/M_Plastic_Orange_Inst.uasset" 358
"../../../../../Garmauco/GitHub/Escape-of-wolf/Content/Platformer/Materials/M_Plastic_Orange_Pattern_Inst.uasset" 359
"../../../../../Garmauco/GitHub/Escape-of-wolf/Content/Platformer/Materials/M_Wood_White_Instance.uasset" 360
"../../../Engine/Content/Functions/Engine_MaterialFunctions03/ComplexMotion/Motion_4WayChaos.uasset" 361
"../../../Engine/Content/Engine_MI_Shaders/T_Base_Tile_Normal.uasset" 362
"../../../Engine/Content/Functions/Engine_MaterialFunctions03/ComplexMotion/Motion_4WayChaos_Normal.uasset" 363
"../../../Engine/Content/MapTemplates/Sky/DaylightAmbientCubemap.uasset" 364
"../../../../../Garmauco/GitHub/Escape-of-wolf/Content/Platformer/Ocean/Textures/T_LargeWaves_H.uasset" 365
"../../../../../Garmauco/GitHub/Escape-of-wolf/Content/Platformer/Ocean/Textures/T_LargeWaves_N.uasset" 366
"../../../../../Garmauco/GitHub/Escape-of-wolf/Content/Platformer/Ocean/Textures/T_Seafoam_01.uasset" 367
"../../../../../Garmauco/GitHub/Escape-of-wolf/Content/Platformer/Ocean/Textures/T_SmallWaves_N.uasset" 368
"../../../../../Garmauco/GitHub/Escape-of-wolf/Content/Platformer/Ocean/Materials/M_OceanWater_1.uasset" 369
"../../../Engine/Content/MapTemplates/Sky/Desert_Outer_HDR.uasset" 370
"../../../../../Garmauco/GitHub/Escape-of-wolf/Content/Platformer/Ocean/Materials/M_OceanWater_1_Inst.uasset" 371
"../../../../../Garmauco/GitHub/Escape-of-wolf/Content/Platformer/Textures/BeanStalks_Textures/Pl_Leaf_01_d.uasset" 372
"../../../../../Garmauco/GitHub/Escape-of-wolf/Content/Platformer/Textures/BeanStalks_Textures/Pl_Leaf_01_n.uasset" 373
"../../../../../Garmauco/GitHub/Escape-of-wolf/Content/Platformer/Textures/BeanStalks_Textures/Pl_Leaf_01_r.uasset" 374
"../../../../../Garmauco/GitHub/Escape-of-wolf/Content/Platformer/Materials/BeanStalks_Materials/M_Leaf.uasset" 375
"../../../../../Garmauco/GitHub/Escape-of-wolf/Content/Platformer/Meshes/Beanstalks/Pl_Leaf_01.uasset" 376
"../../../../../Garmauco/GitHub/Escape-of-wolf/Content/Platformer/Meshes/Beanstalks/Pl_Leaf_02.uasset" 377
"../../../../../Garmauco/GitHub/Escape-of-wolf/Content/Platformer/Meshes/Beanstalks/Pl_Leaf_03.uasset" 378
"../../../../../Garmauco/GitHub/Escape-of-wolf/Content/Platformer/Meshes/Beanstalks/Pl_Leaf_04.uasset" 379
"../../../../../Garmauco/GitHub/Escape-of-wolf/Content/Platformer/Meshes/Beanstalks/Pl_Leaf_05.uasset" 380
"../../../../../Garmauco/GitHub/Escape-of-wolf/Content/Platformer/Textures/BeanStalks_Textures/Pl_BeanStalk_d.uasset" 381
"../../../../../Garmauco/GitHub/Escape-of-wolf/Content/Platformer/Textures/BeanStalks_Textures/Pl_BeanStalk_n.uasset" 382
"../../../../../Garmauco/GitHub/Escape-of-wolf/Content/Platformer/Textures/BeanStalks_Textures/Pl_BeanStalk_r.uasset" 383
"../../../../../Garmauco/GitHub/Escape-of-wolf/Content/Platformer/Materials/BeanStalks_Materials/M_BeanStalk.uasset" 384
"../../../../../Garmauco/GitHub/Escape-of-wolf/Content/Platformer/Meshes/BeanStalks/Pl_stalkbase_01.uasset" 385
"../../../../../Garmauco/GitHub/Escape-of-wolf/Content/Platformer/Meshes/BeanStalks/Pl_stalkbend_01.uasset" 386
"../../../../../Garmauco/GitHub/Escape-of-wolf/Content/Platformer/Meshes/BeanStalks/Pl_stalkcurve_01.uasset" 387
"../../../../../Garmauco/GitHub/Escape-of-wolf/Content/Platformer/Meshes/Beanstalks/Pl_stalkend_02.uasset" 388
"../../../../../Garmauco/GitHub/Escape-of-wolf/Content/Platformer/Meshes/BeanStalks/Pl_stalkend_03.uasset" 389
"../../../../../Garmauco/GitHub/Escape-of-wolf/Content/Platformer/Textures/BeanStalks_Textures/Pl_StoneBlock_d.uasset" 390
"../../../../../Garmauco/GitHub/Escape-of-wolf/Content/Platformer/Textures/BeanStalks_Textures/Pl_StoneBlock_n.uasset" 391
"../../../../../Garmauco/GitHub/Escape-of-wolf/Content/Platformer/Textures/BeanStalks_Textures/Pl_StoneBlock_r.uasset" 392
"../../../../../Garmauco/GitHub/Escape-of-wolf/Content/Platformer/Materials/BeanStalks_Materials/M_StoneBlock.uasset" 393
"../../../../../Garmauco/GitHub/Escape-of-wolf/Content/Platformer/Meshes/Beanstalks/Pl_StoneBlock_01.uasset" 394
"../../../../../Garmauco/GitHub/Escape-of-wolf/Content/Platformer/Meshes/Beanstalks/Pl_StoneBlock_02.uasset" 395
"../../../../../Garmauco/GitHub/Escape-of-wolf/Content/Platformer/Meshes/Beanstalks/Pl_StoneBlock_03.uasset" 396
"../../../../../Garmauco/GitHub/Escape-of-wolf/Content/Platformer/Meshes/Beanstalks/Pl_StoneBlock_04.uasset" 397
"../../../../../Garmauco/GitHub/Escape-of-wolf/Content/Platformer/Meshes/Beanstalks/Pl_StoneBlock_05.uasset" 398
"../../../../../Garmauco/GitHub/Escape-of-wolf/Content/Platformer/Meshes/Beanstalks/Pl_vine_01.uasset" 399
"../../../../../Garmauco/GitHub/Escape-of-wolf/Content/Platformer/Meshes/Beanstalks/Pl_vine_02.uasset" 400
"../../../../../Garmauco/GitHub/Escape-of-wolf/Content/Platformer/Meshes/Beanstalks/Pl_vine_03.uasset" 401
"../../../../../Garmauco/GitHub/Escape-of-wolf/Content/Platformer/Meshes/Beanstalks/Pl_vine_04.uasset" 402
"../../../../../Garmauco/GitHub/Escape-of-wolf/Content/Platformer/Meshes/Beanstalks/Pl_vine_05.uasset" 403
"../../../../../Garmauco/GitHub/Escape-of-wolf/Content/Platformer/Textures/Pl_Grass_trim_d.uasset" 404
"../../../../../Garmauco/GitHub/Escape-of-wolf/Content/Platformer/Textures/Pl_Grass_trim_n.uasset" 405
"../../../../../Garmauco/GitHub/Escape-of-wolf/Content/Platformer/Textures/Pl_Grass_trim_r.uasset" 406
"../../../../../Garmauco/GitHub/Escape-of-wolf/Content/Platformer/Materials/M_GrassTrim.uasset" 407
"../../../../../Garmauco/GitHub/Escape-of-wolf/Content/Platformer/Meshes/Pl_16m_gtrim_01.uasset" 408
"../../../../../Garmauco/GitHub/Escape-of-wolf/Content/Platformer/Meshes/Pl_16m_Platform.uasset" 409
"../../../../../Garmauco/GitHub/Escape-of-wolf/Content/Platformer/Meshes/Pl_16m_Platform_ext.uasset" 410
"../../../../../Garmauco/GitHub/Escape-of-wolf/Content/Platformer/Meshes/Pl_1m_grassblock.uasset" 411
"../../../../../Garmauco/GitHub/Escape-of-wolf/Content/Platformer/Meshes/Pl_2m_grassblock.uasset" 412
"../../../../../Garmauco/GitHub/Escape-of-wolf/Content/Platformer/Meshes/Pl_4m_gtrim_01.uasset" 413
"../../../../../Garmauco/GitHub/Escape-of-wolf/Content/Platformer/Meshes/Pl_4m_Platform.uasset" 414
"../../../../../Garmauco/GitHub/Escape-of-wolf/Content/Platformer/Meshes/Pl_4m_Platform_ext.uasset" 415
"../../../../../Garmauco/GitHub/Escape-of-wolf/Content/Platformer/Meshes/Pl_8m_gtrim_01.uasset" 416
"../../../../../Garmauco/GitHub/Escape-of-wolf/Content/Platformer/Meshes/Pl_8m_Gtrim_Hrnd_01.uasset" 417
"../../../../../Garmauco/GitHub/Escape-of-wolf/Content/Platformer/Meshes/Pl_8m_gtrim_rnd_01.uasset" 418
"../../../../../Garmauco/GitHub/Escape-of-wolf/Content/Platformer/Meshes/Pl_8m_Hill.uasset" 419
"../../../../../Garmauco/GitHub/Escape-of-wolf/Content/Platformer/Meshes/Pl_8m_Platform.uasset" 420
"../../../../../Garmauco/GitHub/Escape-of-wolf/Content/Platformer/Meshes/Pl_8m_Platform_crn.uasset" 421
"../../../../../Garmauco/GitHub/Escape-of-wolf/Content/Platformer/Meshes/Pl_8m_Platform_crn_ext.uasset" 422
"../../../../../Garmauco/GitHub/Escape-of-wolf/Content/Platformer/Meshes/Pl_8m_Platform_ext.uasset" 423
"../../../../../Garmauco/GitHub/Escape-of-wolf/Content/Platformer/Meshes/Pl_8m_Platform_Hrnd.uasset" 424
"../../../../../Garmauco/GitHub/Escape-of-wolf/Content/Platformer/Meshes/Pl_8m_Platform_Hrnd_ext.uasset" 425
"../../../../../Garmauco/GitHub/Escape-of-wolf/Content/Platformer/Meshes/Pl_8m_Platform_L.uasset" 426
"../../../../../Garmauco/GitHub/Escape-of-wolf/Content/Platformer/Meshes/Pl_8m_Platform_L_ext.uasset" 427
"../../../../../Garmauco/GitHub/Escape-of-wolf/Content/Platformer/Meshes/Pl_8m_Platform_rnd.uasset" 428
"../../../../../Garmauco/GitHub/Escape-of-wolf/Content/Platformer/Meshes/Pl_button.uasset" 429
"../../../../../Garmauco/GitHub/Escape-of-wolf/Content/Platformer/Meshes/Pl_buttonBase.uasset" 430
"../../../../../Garmauco/GitHub/Escape-of-wolf/Content/Platformer/Materials/M_Cloud.uasset" 431
"../../../../../Garmauco/GitHub/Escape-of-wolf/Content/Platformer/Meshes/Pl_CloudPlat_4m.uasset" 432
"../../../../../Garmauco/GitHub/Escape-of-wolf/Content/Platformer/Meshes/Pl_CloudPlat_4x8m.uasset" 433
"../../../../../Garmauco/GitHub/Escape-of-wolf/Content/Platformer/Meshes/Pl_CloudPlat_8m.uasset" 434
"../../../../../Garmauco/GitHub/Escape-of-wolf/Content/Platformer/Meshes/Pl_Crate_01.uasset" 435
"../../../../../Garmauco/GitHub/Escape-of-wolf/Content/Platformer/Meshes/Pl_Crate_02.uasset" 436
"../../../../../Garmauco/GitHub/Escape-of-wolf/Content/Platformer/Meshes/Pl_Crate_Shards_01.uasset" 437
"../../../../../Garmauco/GitHub/Escape-of-wolf/Content/Platformer/Meshes/Pl_Crate_Shards_02.uasset" 438
"../../../../../Garmauco/GitHub/Escape-of-wolf/Content/Platformer/Meshes/Pl_Crate_Shards_03.uasset" 439
"../../../../../Garmauco/GitHub/Escape-of-wolf/Content/Platformer/Materials/M_Wood_Light_Instance.uasset" 440
"../../../../../Garmauco/GitHub/Escape-of-wolf/Content/Platformer/Meshes/Pl_Fence_2m_01.uasset" 441
"../../../../../Garmauco/GitHub/Escape-of-wolf/Content/Platformer/Meshes/Pl_Fence_2m_02.uasset" 442
"../../../../../Garmauco/GitHub/Escape-of-wolf/Content/Platformer/Meshes/Pl_Fence_8m_01.uasset" 443
"../../../../../Garmauco/GitHub/Escape-of-wolf/Content/Platformer/Meshes/Pl_Fence_8m_02.uasset" 444
"../../../../../Garmauco/GitHub/Escape-of-wolf/Content/Platformer/Meshes/Pl_FencePost.uasset" 445
"../../../../../Garmauco/GitHub/Escape-of-wolf/Content/Platformer/Textures/Pl_Plants_d.uasset" 446
"../../../../../Garmauco/GitHub/Escape-of-wolf/Content/Platformer/Textures/Pl_Plants_n.uasset" 447
"../../../../../Garmauco/GitHub/Escape-of-wolf/Content/Platformer/Textures/Pl_Plants_r.uasset" 448
"../../../../../Garmauco/GitHub/Escape-of-wolf/Content/Platformer/Materials/M_Plants.uasset" 449
"../../../../../Garmauco/GitHub/Escape-of-wolf/Content/Platformer/Meshes/Pl_Fern_01.uasset" 450
"../../../../../Garmauco/GitHub/Escape-of-wolf/Content/Platformer/Meshes/Pl_fern_02.uasset" 451
"../../../../../Garmauco/GitHub/Escape-of-wolf/Content/Platformer/Meshes/Pl_flower_01.uasset" 452
"../../../../../Garmauco/GitHub/Escape-of-wolf/Content/Platformer/Meshes/Pl_flower_02.uasset" 453
"../../../../../Garmauco/GitHub/Escape-of-wolf/Content/Platformer/Meshes/Pl_flower_03.uasset" 454
"../../../../../Garmauco/GitHub/Escape-of-wolf/Content/Platformer/Meshes/Pl_flower_04.uasset" 455
"../../../../../Garmauco/GitHub/Escape-of-wolf/Content/Platformer/Meshes/Pl_flower_05.uasset" 456
"../../../../../Garmauco/GitHub/Escape-of-wolf/Content/Platformer/Meshes/Pl_flower_06.uasset" 457
"../../../../../Garmauco/GitHub/Escape-of-wolf/Content/Platformer/Meshes/Pl_GrassWall_4m.uasset" 458
"../../../../../Garmauco/GitHub/Escape-of-wolf/Content/Platformer/Meshes/Pl_GrassWall_8m.uasset" 459
"../../../../../Garmauco/GitHub/Escape-of-wolf/Content/Platformer/Meshes/Pl_gtrim_01.uasset" 460
"../../../../../Garmauco/GitHub/Escape-of-wolf/Content/Platformer/Meshes/Pl_gtrim_02.uasset" 461
"../../../../../Garmauco/GitHub/Escape-of-wolf/Content/Platformer/Meshes/Pl_gtrim_03.uasset" 462
"../../../../../Garmauco/GitHub/Escape-of-wolf/Content/Platformer/Meshes/Pl_gtrim_04.uasset" 463
"../../../../../Garmauco/GitHub/Escape-of-wolf/Content/Platformer/Meshes/Pl_MetalBox_2m.uasset" 464
"../../../../../Garmauco/GitHub/Escape-of-wolf/Content/Platformer/Meshes/Pl_MetalBox_2m_short.uasset" 465
"../../../../../Garmauco/GitHub/Escape-of-wolf/Content/Platformer/Materials/M_Plastic_Yellow_Pattern_Inst.uasset" 466
"../../../../../Garmauco/GitHub/Escape-of-wolf/Content/Platformer/Meshes/Pl_MetalBox_4x2m.uasset" 467
"../../../../../Garmauco/GitHub/Escape-of-wolf/Content/Platformer/Meshes/Pl_MetalBox_4x2m_short.uasset" 468
"../../../../../Garmauco/GitHub/Escape-of-wolf/Content/Platformer/Meshes/Pl_MetalBox_4x4m.uasset" 469
"../../../../../Garmauco/GitHub/Escape-of-wolf/Content/Platformer/Meshes/Pl_MetalBox_8x4m.uasset" 470
"../../../../../Garmauco/GitHub/Escape-of-wolf/Content/Platformer/Meshes/Pl_plant_01.uasset" 471
"../../../../../Garmauco/GitHub/Escape-of-wolf/Content/Platformer/Meshes/Pl_plant_02.uasset" 472
"../../../../../Garmauco/GitHub/Escape-of-wolf/Content/Platformer/Meshes/Pl_plant_03.uasset" 473
"../../../../../Garmauco/GitHub/Escape-of-wolf/Content/Platformer/Meshes/Pl_Ramp_4m.uasset" 474
"../../../../../Garmauco/GitHub/Escape-of-wolf/Content/Platformer/Materials/M_Wood_Yellow_Instance.uasset" 475
"../../../../../Garmauco/GitHub/Escape-of-wolf/Content/Platformer/Meshes/Pl_ScaffoldBlock_01.uasset" 476
"../../../../../Garmauco/GitHub/Escape-of-wolf/Content/Platformer/Meshes/Pl_Scaffoldpost_01.uasset" 477
"../../../../../Garmauco/GitHub/Escape-of-wolf/Content/Platformer/Meshes/Pl_ScaffoldWall_01.uasset" 478
"../../../../../Garmauco/GitHub/Escape-of-wolf/Content/Platformer/Materials/M_Metal_Grey_Instance.uasset" 479
"../../../../../Garmauco/GitHub/Escape-of-wolf/Content/Platformer/Meshes/Pl_Screw_01.uasset" 480
"../../../../../Garmauco/GitHub/Escape-of-wolf/Content/Platformer/Materials/M_Plastic_Grey_Inst.uasset" 481
"../../../../../Garmauco/GitHub/Escape-of-wolf/Content/Platformer/Meshes/Pl_secretDoor_01.uasset" 482
"../../../../../Garmauco/GitHub/Escape-of-wolf/Content/Platformer/Meshes/Pl_Sign_01.uasset" 483
"../../../../../Garmauco/GitHub/Escape-of-wolf/Content/Platformer/Meshes/Pl_Signpost_01.uasset" 484
"../../../../../Garmauco/GitHub/Escape-of-wolf/Content/Platformer/Meshes/Pl_Tree_02.uasset" 485
"../../../../../Garmauco/GitHub/Escape-of-wolf/Content/Platformer/Meshes/Pl_Tree_03.uasset" 486
"../../../../../Garmauco/GitHub/Escape-of-wolf/Content/Platformer/Meshes/Pl_Tree_04.uasset" 487
"../../../../../Garmauco/GitHub/Escape-of-wolf/Content/Platformer/Meshes/Pl_Woodcatwalk_4m_01.uasset" 488
"../../../../../Garmauco/GitHub/Escape-of-wolf/Content/Platformer/Meshes/Pl_Woodcatwalk_4m_02.uasset" 489
"../../../../../Garmauco/GitHub/Escape-of-wolf/Content/Platformer/Meshes/Pl_woodPlat_1m.uasset" 490
"../../../../../Garmauco/GitHub/Escape-of-wolf/Content/Platformer/Meshes/Pl_woodPlat_2m.uasset" 491
"../../../../../Garmauco/GitHub/Escape-of-wolf/Content/Platformer/Ocean/Meshes/SM_OceanWater.uasset" 492
"../../../../../Garmauco/GitHub/Escape-of-wolf/Content/Platformer/Maps/Example_map_01.umap" 493
"../../../Engine/Content/MapTemplates/SM_Template_Map_Floor.uasset" 494
"../../../../../Garmauco/GitHub/Escape-of-wolf/Content/Platformer/Meshes/Beanstalks/Pl_stalk_01.uasset" 495
"../../../../../Garmauco/GitHub/Escape-of-wolf/Content/Platformer/Meshes/Beanstalks/Pl_stalkcurve_02.uasset" 496
"../../../../../Garmauco/GitHub/Escape-of-wolf/Content/Platformer/Meshes/Beanstalks/Pl_stalkend_01.uasset" 497
"../../../../../Garmauco/GitHub/Escape-of-wolf/Content/Platformer/Meshes/Pl_8m_Platform_rnd_ext.uasset" 498
"../../../../../Garmauco/GitHub/Escape-of-wolf/Content/Platformer/Maps/OverView.umap" 499
"../../../../../Garmauco/GitHub/Escape-of-wolf/Content/PolyArtWolf/Animations/Common/Wolf_C_Damage_Front_Left.uasset" 500
"../../../../../Garmauco/GitHub/Escape-of-wolf/Content/PolyArtWolf/Animations/Common/Wolf_C_Damage_Front_Right.uasset" 501
"../../../../../Garmauco/GitHub/Escape-of-wolf/Content/PolyArtWolf/Animations/Common/Wolf_C_Death1.uasset" 502
"../../../../../Garmauco/GitHub/Escape-of-wolf/Content/PolyArtWolf/Animations/Common/Wolf_C_Death1_Opp.uasset" 503
"../../../../../Garmauco/GitHub/Escape-of-wolf/Content/PolyArtWolf/Animations/Common/Wolf_C_Death2.uasset" 504
"../../../../../Garmauco/GitHub/Escape-of-wolf/Content/PolyArtWolf/Animations/Common/Wolf_C_Death2_Opp.uasset" 505
"../../../../../Garmauco/GitHub/Escape-of-wolf/Content/PolyArtWolf/Animations/Common/Wolf_C_Dig.uasset" 506
"../../../../../Garmauco/GitHub/Escape-of-wolf/Content/PolyArtWolf/Animations/Common/Wolf_C_Drink.uasset" 507
"../../../../../Garmauco/GitHub/Escape-of-wolf/Content/PolyArtWolf/Animations/Common/Wolf_C_Eat.uasset" 508
"../../../../../Garmauco/GitHub/Escape-of-wolf/Content/PolyArtWolf/Animations/Common/Wolf_C_Fall_High.uasset" 509
"../../../../../Garmauco/GitHub/Escape-of-wolf/Content/PolyArtWolf/Animations/Common/Wolf_C_Fall_Low.uasset" 510
"../../../../../Garmauco/GitHub/Escape-of-wolf/Content/PolyArtWolf/Animations/Common/Wolf_C_Hawl.uasset" 511
"../../../../../Garmauco/GitHub/Escape-of-wolf/Content/PolyArtWolf/Animations/Common/Wolf_C_Idle_Look_Left.uasset" 512
"../../../../../Garmauco/GitHub/Escape-of-wolf/Content/PolyArtWolf/Animations/Common/Wolf_C_Idle_Look_Right.uasset" 513
"../../../../../Garmauco/GitHub/Escape-of-wolf/Content/PolyArtWolf/Animations/Common/Wolf_C_Idle_Scratch.uasset" 514
"../../../../../Garmauco/GitHub/Escape-of-wolf/Content/PolyArtWolf/Animations/Common/Wolf_C_Idle_to_Seat.uasset" 515
"../../../../../Garmauco/GitHub/Escape-of-wolf/Content/PolyArtWolf/Animations/Common/Wolf_C_Lie_Idle01.uasset" 516
"../../../../../Garmauco/GitHub/Escape-of-wolf/Content/PolyArtWolf/Animations/Common/Wolf_C_Lie_Idle02.uasset" 517
"../../../../../Garmauco/GitHub/Escape-of-wolf/Content/PolyArtWolf/Animations/Common/Wolf_C_Lie_to_Seat.uasset" 518
"../../../../../Garmauco/GitHub/Escape-of-wolf/Content/PolyArtWolf/Animations/Common/Wolf_C_Lie_to_Sleep.uasset" 519
"../../../../../Garmauco/GitHub/Escape-of-wolf/Content/PolyArtWolf/Animations/Common/Wolf_C_Seat_Idle.uasset" 520
"../../../../../Garmauco/GitHub/Escape-of-wolf/Content/PolyArtWolf/Animations/Common/Wolf_C_Seat_to_Idle.uasset" 521
"../../../../../Garmauco/GitHub/Escape-of-wolf/Content/PolyArtWolf/Animations/Common/Wolf_C_Seat_to_Lie.uasset" 522
"../../../../../Garmauco/GitHub/Escape-of-wolf/Content/PolyArtWolf/Animations/Common/Wolf_C_Sleep.uasset" 523
"../../../../../Garmauco/GitHub/Escape-of-wolf/Content/PolyArtWolf/Animations/Common/Wolf_C_Sleep_to_Lie.uasset" 524
"../../../../../Garmauco/GitHub/Escape-of-wolf/Content/PolyArtWolf/Animations/Common/Wolf_C_Stun.uasset" 525
"../../../../../Garmauco/GitHub/Escape-of-wolf/Content/PolyArtWolf/Animations/Common/Wolf_C_Swim_Idle.uasset" 526
"../../../../../Garmauco/GitHub/Escape-of-wolf/Content/PolyArtWolf/Animations/RootMotion/Wolf_RM_Attack_Bite_Left.uasset" 527
"../../../../../Garmauco/GitHub/Escape-of-wolf/Content/PolyArtWolf/Animations/RootMotion/Wolf_RM_Attack_Bite_Right.uasset" 528
"../../../../../Garmauco/GitHub/Escape-of-wolf/Content/PolyArtWolf/Animations/RootMotion/Wolf_RM_Attack_Jump.uasset" 529
"../../../../../Garmauco/GitHub/Escape-of-wolf/Content/PolyArtWolf/Animations/RootMotion/Wolf_RM_Crawl.uasset" 530
"../../../../../Garmauco/GitHub/Escape-of-wolf/Content/PolyArtWolf/Animations/RootMotion/Wolf_RM_Damage_Back_Left.uasset" 531
"../../../../../Garmauco/GitHub/Escape-of-wolf/Content/PolyArtWolf/Animations/RootMotion/Wolf_RM_Damage_Back_Right.uasset" 532
"../../../../../Garmauco/GitHub/Escape-of-wolf/Content/PolyArtWolf/Animations/RootMotion/Wolf_RM_Damage_Left.uasset" 533
"../../../../../Garmauco/GitHub/Escape-of-wolf/Content/PolyArtWolf/Animations/RootMotion/Wolf_RM_Damage_Right.uasset" 534
"../../../../../Garmauco/GitHub/Escape-of-wolf/Content/PolyArtWolf/Animations/RootMotion/Wolf_RM_Fall_From_Edge.uasset" 535
"../../../../../Garmauco/GitHub/Escape-of-wolf/Content/PolyArtWolf/Animations/RootMotion/Wolf_RM_Fall_Land.uasset" 536
"../../../../../Garmauco/GitHub/Escape-of-wolf/Content/PolyArtWolf/Animations/RootMotion/Wolf_RM_Jump_Forward.uasset" 537
"../../../../../Garmauco/GitHub/Escape-of-wolf/Content/PolyArtWolf/Animations/RootMotion/Wolf_RM_Jump_InPlace.uasset" 538
"../../../../../Garmauco/GitHub/Escape-of-wolf/Content/PolyArtWolf/Animations/RootMotion/Wolf_RM_Jump_Run.uasset" 539
"../../../../../Garmauco/GitHub/Escape-of-wolf/Content/PolyArtWolf/Animations/RootMotion/Wolf_RM_Swim_Back.uasset" 540
"../../../../../Garmauco/GitHub/Escape-of-wolf/Content/PolyArtWolf/Animations/RootMotion/Wolf_RM_Swim_Back_Left.uasset" 541
"../../../../../Garmauco/GitHub/Escape-of-wolf/Content/PolyArtWolf/Animations/RootMotion/Wolf_RM_Swim_Back_Right.uasset" 542
"../../../../../Garmauco/GitHub/Escape-of-wolf/Content/PolyArtWolf/Animations/RootMotion/Wolf_RM_Swim_Enter.uasset" 543
"../../../../../Garmauco/GitHub/Escape-of-wolf/Content/PolyArtWolf/Animations/RootMotion/Wolf_RM_Swim_Forward.uasset" 544
"../../../../../Garmauco/GitHub/Escape-of-wolf/Content/PolyArtWolf/Animations/RootMotion/Wolf_RM_Swim_Forward_Left.uasset" 545
"../../../../../Garmauco/GitHub/Escape-of-wolf/Content/PolyArtWolf/Animations/RootMotion/Wolf_RM_Swim_Forward_Right.uasset" 546
"../../../../../Garmauco/GitHub/Escape-of-wolf/Content/PolyArtWolf/Animations/RootMotion/Wolf_RM_Swim_Turn_Left_90.uasset" 547
"../../../../../Garmauco/GitHub/Escape-of-wolf/Content/PolyArtWolf/Animations/RootMotion/Wolf_RM_Swim_Turn_Right_90.uasset" 548
"../../../../../Garmauco/GitHub/Escape-of-wolf/Content/PolyArtWolf/Animations/RootMotion/Wolf_RM_Trot_Left.uasset" 549
"../../../../../Garmauco/GitHub/Escape-of-wolf/Content/PolyArtWolf/Animations/RootMotion/Wolf_RM_Trot_Right.uasset" 550
"../../../../../Garmauco/GitHub/Escape-of-wolf/Content/PolyArtWolf/Animations/RootMotion/Wolf_RM_Turn_Left.uasset" 551
"../../../../../Garmauco/GitHub/Escape-of-wolf/Content/PolyArtWolf/Animations/RootMotion/Wolf_RM_Turn_Left_180.uasset" 552
"../../../../../Garmauco/GitHub/Escape-of-wolf/Content/PolyArtWolf/Animations/RootMotion/Wolf_RM_Turn_Right.uasset" 553
"../../../../../Garmauco/GitHub/Escape-of-wolf/Content/PolyArtWolf/Animations/RootMotion/Wolf_RM_Turn_Right_180.uasset" 554
"../../../../../Garmauco/GitHub/Escape-of-wolf/Content/PolyArtWolf/Animations/RootMotion/Wolf_RM_Walk_Left.uasset" 555
"../../../../../Garmauco/GitHub/Escape-of-wolf/Content/PolyArtWolf/Animations/RootMotion/Wolf_RM_Walk_Right.uasset" 556
"../../../../../Garmauco/GitHub/Escape-of-wolf/Content/PolyArtWolf/Animations/RootMotion/Wolf_RM_WalkBack.uasset" 557
"../../../../../Garmauco/GitHub/Escape-of-wolf/Content/PolyArtWolf/Animations/RootMotion/Wolf_RM_WalkBack_Left.uasset" 558
"../../../../../Garmauco/GitHub/Escape-of-wolf/Content/PolyArtWolf/Animations/RootMotion/Wolf_RM_WalkBack_Right.uasset" 559
"../../../../../Garmauco/GitHub/Escape-of-wolf/Content/PolyArtWolf/Maps/Map_Overview_BuiltData.uasset" 560
"../../../../../Garmauco/GitHub/Escape-of-wolf/Content/PolyArtWolf/Materials/MI_Magic_Black.uasset" 561
"../../../../../Garmauco/GitHub/Escape-of-wolf/Content/PolyArtWolf/Materials/MI_Magic_Blue.uasset" 562
"../../../../../Garmauco/GitHub/Escape-of-wolf/Content/PolyArtWolf/Materials/MI_Magic_Green.uasset" 563
"../../../../../Garmauco/GitHub/Escape-of-wolf/Content/PolyArtWolf/Materials/MI_Magic_Yellow.uasset" 564
"../../../../../Garmauco/GitHub/Escape-of-wolf/Content/PolyArtWolf/Textures/T_Wolf_Brown.uasset" 565
"../../../../../Garmauco/GitHub/Escape-of-wolf/Content/PolyArtWolf/Materials/MI_WolfBrown.uasset" 566
"../../../../../Garmauco/GitHub/Escape-of-wolf/Content/PolyArtWolf/Textures/T_Wolf_White.uasset" 567
"../../../../../Garmauco/GitHub/Escape-of-wolf/Content/PolyArtWolf/Materials/MI_WolfWhite.uasset" 568
"../../../../../Garmauco/GitHub/Escape-of-wolf/Content/PolyArtWolf/Maps/Map_Overview.umap" 569
"../../../Engine/Content/Maps/Entry_BuiltData.uasset" 570
"../../../Engine/Content/Maps/Entry.umap" 571
